Code - OSS (1.68.1, undefined, desktop)
Jupyter Extension Version: 2022.5.1001610507.
Python Extension Version: 2022.8.1.
No workspace folder opened.
info 0:41:22.770: ZMQ install verified.
error 0:41:23.104: Failure during activation. [Error: Extension 'ms-toolsai.jupyter' CANNOT use API proposal: notebookCellExecutionState.
Its package.json#enabledApiProposals-property declares:  but NOT notebookCellExecutionState.
 The missing proposal MUST be added and you must start in extension development mode or use the following command line switch: --enable-proposed-api ms-toolsai.jupyter
	at f (/usr/lib/code/out/vs/workbench/api/node/extensionHostProcess.js:81:65109)
	at d.onDidChangeNotebookCellExecutionState (/usr/lib/code/out/vs/workbench/api/node/extensionHostProcess.js:97:52642)
	at new S (/home/danilo/.vscode-oss/extensions/ms-toolsai.jupyter-2022.5.1001610507/out/extension.node.js:2:1231426)
	at Object.t.resolveInstance (/home/danilo/.vscode-oss/extensions/ms-toolsai.jupyter-2022.5.1001610507/out/extension.node.js:2:2866223)
	at /home/danilo/.vscode-oss/extensions/ms-toolsai.jupyter-2022.5.1001610507/out/extension.node.js:2:2868161
	at /home/danilo/.vscode-oss/extensions/ms-toolsai.jupyter-2022.5.1001610507/out/extension.node.js:2:2867079
	at Array.map (<anonymous>)
	at /home/danilo/.vscode-oss/extensions/ms-toolsai.jupyter-2022.5.1001610507/out/extension.node.js:2:2867051
	at Array.map (<anonymous>)
	at Object.t.resolveInstance (/home/danilo/.vscode-oss/extensions/ms-toolsai.jupyter-2022.5.1001610507/out/extension.node.js:2:2865997)
	at /home/danilo/.vscode-oss/extensions/ms-toolsai.jupyter-2022.5.1001610507/out/extension.node.js:2:2868161
	at Object.t.resolve (/home/danilo/.vscode-oss/extensions/ms-toolsai.jupyter-2022.5.1001610507/out/extension.node.js:2:2868424)
	at /home/danilo/.vscode-oss/extensions/ms-toolsai.jupyter-2022.5.1001610507/out/extension.node.js:2:2851837
	at e._get (/home/danilo/.vscode-oss/extensions/ms-toolsai.jupyter-2022.5.1001610507/out/extension.node.js:2:2851603)
	at e.get (/home/danilo/.vscode-oss/extensions/ms-toolsai.jupyter-2022.5.1001610507/out/extension.node.js:2:2850246)
	at a.get (/home/danilo/.vscode-oss/extensions/ms-toolsai.jupyter-2022.5.1001610507/out/extension.node.js:2:1080645)
	at /home/danilo/.vscode-oss/extensions/ms-toolsai.jupyter-2022.5.1001610507/out/extension.node.js:2:4472358
	at processTicksAndRejections (node:internal/process/task_queues:96:5)]
error 0:41:23.113: sendStartupTelemetry() failed. [Error: Extension 'ms-toolsai.jupyter' CANNOT use API proposal: notebookCellExecutionState.
Its package.json#enabledApiProposals-property declares:  but NOT notebookCellExecutionState.
 The missing proposal MUST be added and you must start in extension development mode or use the following command line switch: --enable-proposed-api ms-toolsai.jupyter
	at f (/usr/lib/code/out/vs/workbench/api/node/extensionHostProcess.js:81:65109)
	at d.onDidChangeNotebookCellExecutionState (/usr/lib/code/out/vs/workbench/api/node/extensionHostProcess.js:97:52642)
	at new S (/home/danilo/.vscode-oss/extensions/ms-toolsai.jupyter-2022.5.1001610507/out/extension.node.js:2:1231426)
	at Object.t.resolveInstance (/home/danilo/.vscode-oss/extensions/ms-toolsai.jupyter-2022.5.1001610507/out/extension.node.js:2:2866223)
	at /home/danilo/.vscode-oss/extensions/ms-toolsai.jupyter-2022.5.1001610507/out/extension.node.js:2:2868161
	at /home/danilo/.vscode-oss/extensions/ms-toolsai.jupyter-2022.5.1001610507/out/extension.node.js:2:2867079
	at Array.map (<anonymous>)
	at /home/danilo/.vscode-oss/extensions/ms-toolsai.jupyter-2022.5.1001610507/out/extension.node.js:2:2867051
	at Array.map (<anonymous>)
	at Object.t.resolveInstance (/home/danilo/.vscode-oss/extensions/ms-toolsai.jupyter-2022.5.1001610507/out/extension.node.js:2:2865997)
	at /home/danilo/.vscode-oss/extensions/ms-toolsai.jupyter-2022.5.1001610507/out/extension.node.js:2:2868161
	at Object.t.resolve (/home/danilo/.vscode-oss/extensions/ms-toolsai.jupyter-2022.5.1001610507/out/extension.node.js:2:2868424)
	at /home/danilo/.vscode-oss/extensions/ms-toolsai.jupyter-2022.5.1001610507/out/extension.node.js:2:2851837
	at e._get (/home/danilo/.vscode-oss/extensions/ms-toolsai.jupyter-2022.5.1001610507/out/extension.node.js:2:2851603)
	at e.get (/home/danilo/.vscode-oss/extensions/ms-toolsai.jupyter-2022.5.1001610507/out/extension.node.js:2:2850246)
	at a.get (/home/danilo/.vscode-oss/extensions/ms-toolsai.jupyter-2022.5.1001610507/out/extension.node.js:2:1080645)
	at /home/danilo/.vscode-oss/extensions/ms-toolsai.jupyter-2022.5.1001610507/out/extension.node.js:2:4472358
	at processTicksAndRejections (node:internal/process/task_queues:96:5)]
error 0:41:23.114: extension activation failed [Error: Extension 'ms-toolsai.jupyter' CANNOT use API proposal: notebookCellExecutionState.
Its package.json#enabledApiProposals-property declares:  but NOT notebookCellExecutionState.
 The missing proposal MUST be added and you must start in extension development mode or use the following command line switch: --enable-proposed-api ms-toolsai.jupyter
	at f (/usr/lib/code/out/vs/workbench/api/node/extensionHostProcess.js:81:65109)
	at d.onDidChangeNotebookCellExecutionState (/usr/lib/code/out/vs/workbench/api/node/extensionHostProcess.js:97:52642)
	at new S (/home/danilo/.vscode-oss/extensions/ms-toolsai.jupyter-2022.5.1001610507/out/extension.node.js:2:1231426)
	at Object.t.resolveInstance (/home/danilo/.vscode-oss/extensions/ms-toolsai.jupyter-2022.5.1001610507/out/extension.node.js:2:2866223)
	at /home/danilo/.vscode-oss/extensions/ms-toolsai.jupyter-2022.5.1001610507/out/extension.node.js:2:2868161
	at /home/danilo/.vscode-oss/extensions/ms-toolsai.jupyter-2022.5.1001610507/out/extension.node.js:2:2867079
	at Array.map (<anonymous>)
	at /home/danilo/.vscode-oss/extensions/ms-toolsai.jupyter-2022.5.1001610507/out/extension.node.js:2:2867051
	at Array.map (<anonymous>)
	at Object.t.resolveInstance (/home/danilo/.vscode-oss/extensions/ms-toolsai.jupyter-2022.5.1001610507/out/extension.node.js:2:2865997)
	at /home/danilo/.vscode-oss/extensions/ms-toolsai.jupyter-2022.5.1001610507/out/extension.node.js:2:2868161
	at Object.t.resolve (/home/danilo/.vscode-oss/extensions/ms-toolsai.jupyter-2022.5.1001610507/out/extension.node.js:2:2868424)
	at /home/danilo/.vscode-oss/extensions/ms-toolsai.jupyter-2022.5.1001610507/out/extension.node.js:2:2851837
	at e._get (/home/danilo/.vscode-oss/extensions/ms-toolsai.jupyter-2022.5.1001610507/out/extension.node.js:2:2851603)
	at e.get (/home/danilo/.vscode-oss/extensions/ms-toolsai.jupyter-2022.5.1001610507/out/extension.node.js:2:2850246)
	at a.get (/home/danilo/.vscode-oss/extensions/ms-toolsai.jupyter-2022.5.1001610507/out/extension.node.js:2:1080645)
	at /home/danilo/.vscode-oss/extensions/ms-toolsai.jupyter-2022.5.1001610507/out/extension.node.js:2:4472358
	at processTicksAndRejections (node:internal/process/task_queues:96:5)]
error 0:41:23.116: Failed to active the Jupyter Extension [Error: Extension 'ms-toolsai.jupyter' CANNOT use API proposal: notebookCellExecutionState.
Its package.json#enabledApiProposals-property declares:  but NOT notebookCellExecutionState.
 The missing proposal MUST be added and you must start in extension development mode or use the following command line switch: --enable-proposed-api ms-toolsai.jupyter
	at f (/usr/lib/code/out/vs/workbench/api/node/extensionHostProcess.js:81:65109)
	at d.onDidChangeNotebookCellExecutionState (/usr/lib/code/out/vs/workbench/api/node/extensionHostProcess.js:97:52642)
	at new S (/home/danilo/.vscode-oss/extensions/ms-toolsai.jupyter-2022.5.1001610507/out/extension.node.js:2:1231426)
	at Object.t.resolveInstance (/home/danilo/.vscode-oss/extensions/ms-toolsai.jupyter-2022.5.1001610507/out/extension.node.js:2:2866223)
	at /home/danilo/.vscode-oss/extensions/ms-toolsai.jupyter-2022.5.1001610507/out/extension.node.js:2:2868161
	at /home/danilo/.vscode-oss/extensions/ms-toolsai.jupyter-2022.5.1001610507/out/extension.node.js:2:2867079
	at Array.map (<anonymous>)
	at /home/danilo/.vscode-oss/extensions/ms-toolsai.jupyter-2022.5.1001610507/out/extension.node.js:2:2867051
	at Array.map (<anonymous>)
	at Object.t.resolveInstance (/home/danilo/.vscode-oss/extensions/ms-toolsai.jupyter-2022.5.1001610507/out/extension.node.js:2:2865997)
	at /home/danilo/.vscode-oss/extensions/ms-toolsai.jupyter-2022.5.1001610507/out/extension.node.js:2:2868161
	at Object.t.resolve (/home/danilo/.vscode-oss/extensions/ms-toolsai.jupyter-2022.5.1001610507/out/extension.node.js:2:2868424)
	at /home/danilo/.vscode-oss/extensions/ms-toolsai.jupyter-2022.5.1001610507/out/extension.node.js:2:2851837
	at e._get (/home/danilo/.vscode-oss/extensions/ms-toolsai.jupyter-2022.5.1001610507/out/extension.node.js:2:2851603)
	at e.get (/home/danilo/.vscode-oss/extensions/ms-toolsai.jupyter-2022.5.1001610507/out/extension.node.js:2:2850246)
	at a.get (/home/danilo/.vscode-oss/extensions/ms-toolsai.jupyter-2022.5.1001610507/out/extension.node.js:2:1080645)
	at /home/danilo/.vscode-oss/extensions/ms-toolsai.jupyter-2022.5.1001610507/out/extension.node.js:2:4472358
	at processTicksAndRejections (node:internal/process/task_queues:96:5)]
